Determining if the pthread_create exist failed with the following output:
Change Dir: /home/shrawani/Desktop/SongStore/Cpp_Mini_project/SongStore/CMakeFiles/CMakeTmp

Run Build Command:"/usr/bin/make" "cmTC_f4ce3/fast"
/usr/bin/make -f CMakeFiles/cmTC_f4ce3.dir/build.make CMakeFiles/cmTC_f4ce3.dir/build
make[1]: Entering directory '/home/shrawani/Desktop/SongStore/Cpp_Mini_project/SongStore/CMakeFiles/CMakeTmp'
Building C object CMakeFiles/cmTC_f4ce3.dir/CheckSymbolExists.c.o
/usr/bin/cc     -o CMakeFiles/cmTC_f4ce3.dir/CheckSymbolExists.c.o   -c /home/shrawani/Desktop/SongStore/Cpp_Mini_project/SongStore/CMakeFiles/CMakeTmp/CheckSymbolExists.c
Linking C executable cmTC_f4ce3
/usr/bin/cmake -E cmake_link_script CMakeFiles/cmTC_f4ce3.dir/link.txt --verbose=1
/usr/bin/cc       CMakeFiles/cmTC_f4ce3.dir/CheckSymbolExists.c.o  -o cmTC_f4ce3 -rdynamic 
CMakeFiles/cmTC_f4ce3.dir/CheckSymbolExists.c.o: In function `main':
CheckSymbolExists.c:(.text+0x16): undefined reference to `pthread_create'
collect2: error: ld returned 1 exit status
CMakeFiles/cmTC_f4ce3.dir/build.make:97: recipe for target 'cmTC_f4ce3' failed
make[1]: *** [cmTC_f4ce3] Error 1
make[1]: Leaving directory '/home/shrawani/Desktop/SongStore/Cpp_Mini_project/SongStore/CMakeFiles/CMakeTmp'
Makefile:126: recipe for target 'cmTC_f4ce3/fast' failed
make: *** [cmTC_f4ce3/fast] Error 2

File /home/shrawani/Desktop/SongStore/Cpp_Mini_project/SongStore/CMakeFiles/CMakeTmp/CheckSymbolExists.c:
/* */
#include <pthread.h>

int main(int argc, char** argv)
{
  (void)argv;
#ifndef pthread_create
  return ((int*)(&pthread_create))[argc];
#else
  (void)argc;
  return 0;
#endif
}

Determining if the function pthread_create exists in the pthreads failed with the following output:
Change Dir: /home/shrawani/Desktop/SongStore/Cpp_Mini_project/SongStore/CMakeFiles/CMakeTmp

Run Build Command:"/usr/bin/make" "cmTC_973df/fast"
/usr/bin/make -f CMakeFiles/cmTC_973df.dir/build.make CMakeFiles/cmTC_973df.dir/build
make[1]: Entering directory '/home/shrawani/Desktop/SongStore/Cpp_Mini_project/SongStore/CMakeFiles/CMakeTmp'
Building C object CMakeFiles/cmTC_973df.dir/CheckFunctionExists.c.o
/usr/bin/cc    -DCHECK_FUNCTION_EXISTS=pthread_create   -o CMakeFiles/cmTC_973df.dir/CheckFunctionExists.c.o   -c /usr/share/cmake-3.5/Modules/CheckFunctionExists.c
Linking C executable cmTC_973df
/usr/bin/cmake -E cmake_link_script CMakeFiles/cmTC_973df.dir/link.txt --verbose=1
/usr/bin/cc   -DCHECK_FUNCTION_EXISTS=pthread_create    CMakeFiles/cmTC_973df.dir/CheckFunctionExists.c.o  -o cmTC_973df -rdynamic -lpthreads 
/usr/bin/ld: cannot find -lpthreads
collect2: error: ld returned 1 exit status
CMakeFiles/cmTC_973df.dir/build.make:97: recipe for target 'cmTC_973df' failed
make[1]: *** [cmTC_973df] Error 1
make[1]: Leaving directory '/home/shrawani/Desktop/SongStore/Cpp_Mini_project/SongStore/CMakeFiles/CMakeTmp'
Makefile:126: recipe for target 'cmTC_973df/fast' failed
make: *** [cmTC_973df/fast] Error 2


